<?xml version="1.0" encoding="UTF-8"?>
<testsuite xmlns:xsi="http://www.w3.org/2001/XMLSchema-instance" xsi:noNamespaceSchemaLocation="https://maven.apache.org/surefire/maven-surefire-plugin/xsd/surefire-test-report.xsd" name="org.magadiflo.junit5.app.models.CuentaTest" time="8.611" tests="66" errors="0" skipped="7" failures="6">
  <properties>
[...]
</properties>
  <testcase name="testDineroInsuficienteExceptionCuenta" classname="org.magadiflo.junit5.app.models.CuentaTest" time="0.04"/>
  <testcase name="testSaldoCuentaDev" classname="org.magadiflo.junit5.app.models.CuentaTest" time="0">
    <skipped message="Assumption failed: assumption is not true" type="org.opentest4j.TestAbortedException">org.opentest4j.TestAbortedException: Assumption failed: assumption is not true
	at org.magadiflo.junit5.app.models.CuentaTest.testSaldoCuentaDev(CuentaTest.java:329)
</skipped>
    <system-out><![CDATA[Iniciando el método!
Ejecutando: testSaldoCuentaDev() testSaldoCuentaDev con las etiquetas [] 
Finalizando método de prueba
]]></system-out>
  </testcase>
  <testcase name="testSaldoCuentaDev2" classname="org.magadiflo.junit5.app.models.CuentaTest" time="0.003"/>
  <testcase name="testRelacionBancoCuentas" classname="org.magadiflo.junit5.app.models.CuentaTest" time="0.005"/>
  <testcase name="testDebitoCuentaRepetir{RepetitionInfo}[1]" classname="org.magadiflo.junit5.app.models.CuentaTest" time="0.002"/>
  <testcase name="testDebitoCuentaRepetir{RepetitionInfo}[2]" classname="org.magadiflo.junit5.app.models.CuentaTest" time="0.003"/>
  <testcase name="testDebitoCuentaRepetir{RepetitionInfo}[3]" classname="org.magadiflo.junit5.app.models.CuentaTest" time="0.005"/>
  <testcase name="testDebitoCuentaRepetir{RepetitionInfo}[4]" classname="org.magadiflo.junit5.app.models.CuentaTest" time="0.002"/>
  <testcase name="testDebitoCuentaRepetir{RepetitionInfo}[5]" classname="org.magadiflo.junit5.app.models.CuentaTest" time="0.001"/>
  <testcase name="pruebaTimeOut2" classname="org.magadiflo.junit5.app.models.CuentaTest$EjemploTimeOutTest" time="0.315"/>
  <testcase name="testTimeoutAssertions" classname="org.magadiflo.junit5.app.models.CuentaTest$EjemploTimeOutTest" time="4.003"/>
  <testcase name="pruebaTimeOut" classname="org.magadiflo.junit5.app.models.CuentaTest$EjemploTimeOutTest" time="4.004"/>
  <testcase name="testDebitoCuentaParametrizadoCsvFileSource2{String, String, String, String}[1]" classname="org.magadiflo.junit5.app.models.CuentaTest$PruebasParametrizadasTest" time="0.015">
    <failure message="expected: &lt;Alicia&gt; but was: &lt;Alicha&gt;" type="org.opentest4j.AssertionFailedError"><![CDATA[org.opentest4j.AssertionFailedError: expected: <Alicia> but was: <Alicha>
	at org.magadiflo.junit5.app.models.CuentaTest$PruebasParametrizadasTest.testDebitoCuentaParametrizadoCsvFileSource2(CuentaTest.java:434)
]]></failure>
    <system-out><![CDATA[Iniciando el método!
Ejecutando: número 1 ejecutando con valor 200, 100, Alicia, Alicha testDebitoCuentaParametrizadoCsvFileSource2 con las etiquetas [param] 
Finalizando método de prueba
]]></system-out>
  </testcase>
  <testcase name="testDebitoCuentaParametrizadoCsvFileSource2{String, String, String, String}[2]" classname="org.magadiflo.junit5.app.models.CuentaTest$PruebasParametrizadasTest" time="0.002"/>
  <testcase name="testDebitoCuentaParametrizadoCsvFileSource2{String, String, String, String}[3]" classname="org.magadiflo.junit5.app.models.CuentaTest$PruebasParametrizadasTest" time="0.001"/>
  <testcase name="testDebitoCuentaParametrizadoCsvFileSource2{String, String, String, String}[4]" classname="org.magadiflo.junit5.app.models.CuentaTest$PruebasParametrizadasTest" time="0.002">
    <failure message="expected: &lt;Carlos&gt; but was: &lt;Karlos&gt;" type="org.opentest4j.AssertionFailedError"><![CDATA[org.opentest4j.AssertionFailedError: expected: <Carlos> but was: <Karlos>
	at org.magadiflo.junit5.app.models.CuentaTest$PruebasParametrizadasTest.testDebitoCuentaParametrizadoCsvFileSource2(CuentaTest.java:434)
]]></failure>
    <system-out><![CDATA[Iniciando el método!
Ejecutando: número 4 ejecutando con valor 400, 399, Carlos, Karlos testDebitoCuentaParametrizadoCsvFileSource2 con las etiquetas [param] 
Finalizando método de prueba
]]></system-out>
  </testcase>
  <testcase name="testDebitoCuentaParametrizadoCsvFileSource2{String, String, String, String}[5]" classname="org.magadiflo.junit5.app.models.CuentaTest$PruebasParametrizadasTest" time="0.002">
    <failure message="expected: &lt;Luca&gt; but was: &lt;Lucas&gt;" type="org.opentest4j.AssertionFailedError"><![CDATA[org.opentest4j.AssertionFailedError: expected: <Luca> but was: <Lucas>
	at org.magadiflo.junit5.app.models.CuentaTest$PruebasParametrizadasTest.testDebitoCuentaParametrizadoCsvFileSource2(CuentaTest.java:434)
]]></failure>
    <system-out><![CDATA[Iniciando el método!
Ejecutando: número 5 ejecutando con valor 750, 700, Luca, Lucas testDebitoCuentaParametrizadoCsvFileSource2 con las etiquetas [param] 
Finalizando método de prueba
]]></system-out>
  </testcase>
  <testcase name="testDebitoCuentaParametrizadoCsvFileSource2{String, String, String, String}[6]" classname="org.magadiflo.junit5.app.models.CuentaTest$PruebasParametrizadasTest" time="0.002"/>
  <testcase name="testDebitoCuentaParametrizadoCsvSource{String, String}[1]" classname="org.magadiflo.junit5.app.models.CuentaTest$PruebasParametrizadasTest" time="0.003"/>
  <testcase name="testDebitoCuentaParametrizadoCsvSource{String, String}[2]" classname="org.magadiflo.junit5.app.models.CuentaTest$PruebasParametrizadasTest" time="0.002"/>
  <testcase name="testDebitoCuentaParametrizadoCsvSource{String, String}[3]" classname="org.magadiflo.junit5.app.models.CuentaTest$PruebasParametrizadasTest" time="0.002"/>
  <testcase name="testDebitoCuentaParametrizadoCsvSource{String, String}[4]" classname="org.magadiflo.junit5.app.models.CuentaTest$PruebasParametrizadasTest" time="0.003"/>
  <testcase name="testDebitoCuentaParametrizadoCsvSource{String, String}[5]" classname="org.magadiflo.junit5.app.models.CuentaTest$PruebasParametrizadasTest" time="0.003"/>
  <testcase name="testDebitoCuentaParametrizadoCsvSource{String, String}[6]" classname="org.magadiflo.junit5.app.models.CuentaTest$PruebasParametrizadasTest" time="0.002"/>
  <testcase name="testDebitoCuentaParametrizadoValueSource{String}[1]" classname="org.magadiflo.junit5.app.models.CuentaTest$PruebasParametrizadasTest" time="0.002"/>
  <testcase name="testDebitoCuentaParametrizadoValueSource{String}[2]" classname="org.magadiflo.junit5.app.models.CuentaTest$PruebasParametrizadasTest" time="0.002"/>
  <testcase name="testDebitoCuentaParametrizadoValueSource{String}[3]" classname="org.magadiflo.junit5.app.models.CuentaTest$PruebasParametrizadasTest" time="0.002"/>
  <testcase name="testDebitoCuentaParametrizadoValueSource{String}[4]" classname="org.magadiflo.junit5.app.models.CuentaTest$PruebasParametrizadasTest" time="0.002"/>
  <testcase name="testDebitoCuentaParametrizadoValueSource{String}[5]" classname="org.magadiflo.junit5.app.models.CuentaTest$PruebasParametrizadasTest" time="0.002"/>
  <testcase name="testDebitoCuentaParametrizadoValueSource{String}[6]" classname="org.magadiflo.junit5.app.models.CuentaTest$PruebasParametrizadasTest" time="0.002"/>
  <testcase name="testDebitoCuentaParametrizadoCsvSource2{String, String, String, String}[1]" classname="org.magadiflo.junit5.app.models.CuentaTest$PruebasParametrizadasTest" time="0.002">
    <failure message="expected: &lt;Alicia&gt; but was: &lt;Alicha&gt;" type="org.opentest4j.AssertionFailedError"><![CDATA[org.opentest4j.AssertionFailedError: expected: <Alicia> but was: <Alicha>
	at org.magadiflo.junit5.app.models.CuentaTest$PruebasParametrizadasTest.testDebitoCuentaParametrizadoCsvSource2(CuentaTest.java:411)
]]></failure>
    <system-out><![CDATA[Iniciando el método!
Ejecutando: número 1 ejecutando con valor 200, 100, Alicia, Alicha testDebitoCuentaParametrizadoCsvSource2 con las etiquetas [param] 
200 -> 100 
Finalizando método de prueba
]]></system-out>
  </testcase>
  <testcase name="testDebitoCuentaParametrizadoCsvSource2{String, String, String, String}[2]" classname="org.magadiflo.junit5.app.models.CuentaTest$PruebasParametrizadasTest" time="0.003"/>
  <testcase name="testDebitoCuentaParametrizadoCsvSource2{String, String, String, String}[3]" classname="org.magadiflo.junit5.app.models.CuentaTest$PruebasParametrizadasTest" time="0.002"/>
  <testcase name="testDebitoCuentaParametrizadoCsvSource2{String, String, String, String}[4]" classname="org.magadiflo.junit5.app.models.CuentaTest$PruebasParametrizadasTest" time="0.003">
    <failure message="expected: &lt;Carlos&gt; but was: &lt;Karlos&gt;" type="org.opentest4j.AssertionFailedError"><![CDATA[org.opentest4j.AssertionFailedError: expected: <Carlos> but was: <Karlos>
	at org.magadiflo.junit5.app.models.CuentaTest$PruebasParametrizadasTest.testDebitoCuentaParametrizadoCsvSource2(CuentaTest.java:411)
]]></failure>
    <system-out><![CDATA[Iniciando el método!
Ejecutando: número 4 ejecutando con valor 400, 399, Carlos, Karlos testDebitoCuentaParametrizadoCsvSource2 con las etiquetas [param] 
400 -> 399 
Finalizando método de prueba
]]></system-out>
  </testcase>
  <testcase name="testDebitoCuentaParametrizadoCsvSource2{String, String, String, String}[5]" classname="org.magadiflo.junit5.app.models.CuentaTest$PruebasParametrizadasTest" time="0.003">
    <failure message="expected: &lt;Luca&gt; but was: &lt;Lucas&gt;" type="org.opentest4j.AssertionFailedError"><![CDATA[org.opentest4j.AssertionFailedError: expected: <Luca> but was: <Lucas>
	at org.magadiflo.junit5.app.models.CuentaTest$PruebasParametrizadasTest.testDebitoCuentaParametrizadoCsvSource2(CuentaTest.java:411)
]]></failure>
    <system-out><![CDATA[Iniciando el método!
Ejecutando: número 5 ejecutando con valor 750, 700, Luca, Lucas testDebitoCuentaParametrizadoCsvSource2 con las etiquetas [param] 
750 -> 700 
Finalizando método de prueba
]]></system-out>
  </testcase>
  <testcase name="testDebitoCuentaParametrizadoCsvSource2{String, String, String, String}[6]" classname="org.magadiflo.junit5.app.models.CuentaTest$PruebasParametrizadasTest" time="0.002"/>
  <testcase name="testDebitoCuentaMethodSource{String}[1]" classname="org.magadiflo.junit5.app.models.CuentaTest$PruebasParametrizadasTest" time="0.001"/>
  <testcase name="testDebitoCuentaMethodSource{String}[2]" classname="org.magadiflo.junit5.app.models.CuentaTest$PruebasParametrizadasTest" time="0.002"/>
  <testcase name="testDebitoCuentaMethodSource{String}[3]" classname="org.magadiflo.junit5.app.models.CuentaTest$PruebasParametrizadasTest" time="0.002"/>
  <testcase name="testDebitoCuentaMethodSource{String}[4]" classname="org.magadiflo.junit5.app.models.CuentaTest$PruebasParametrizadasTest" time="0.002"/>
  <testcase name="testDebitoCuentaMethodSource{String}[5]" classname="org.magadiflo.junit5.app.models.CuentaTest$PruebasParametrizadasTest" time="0.002"/>
  <testcase name="testDebitoCuentaMethodSource{String}[6]" classname="org.magadiflo.junit5.app.models.CuentaTest$PruebasParametrizadasTest" time="0.002"/>
  <testcase name="testDebitoCuentaParametrizadoCsvFileSource{String}[1]" classname="org.magadiflo.junit5.app.models.CuentaTest$PruebasParametrizadasTest" time="0.001"/>
  <testcase name="testDebitoCuentaParametrizadoCsvFileSource{String}[2]" classname="org.magadiflo.junit5.app.models.CuentaTest$PruebasParametrizadasTest" time="0.002"/>
  <testcase name="testDebitoCuentaParametrizadoCsvFileSource{String}[3]" classname="org.magadiflo.junit5.app.models.CuentaTest$PruebasParametrizadasTest" time="0.001"/>
  <testcase name="testDebitoCuentaParametrizadoCsvFileSource{String}[4]" classname="org.magadiflo.junit5.app.models.CuentaTest$PruebasParametrizadasTest" time="0.002"/>
  <testcase name="testDebitoCuentaParametrizadoCsvFileSource{String}[5]" classname="org.magadiflo.junit5.app.models.CuentaTest$PruebasParametrizadasTest" time="0.001"/>
  <testcase name="testDebitoCuentaParametrizadoCsvFileSource{String}[6]" classname="org.magadiflo.junit5.app.models.CuentaTest$PruebasParametrizadasTest" time="0.001"/>
  <testcase name="testDev" classname="org.magadiflo.junit5.app.models.CuentaTest$SystemPropertiesTest" time="0">
    <skipped message="System property [ENV] does not exist"/>
  </testcase>
  <testcase name="testSolo64Bits" classname="org.magadiflo.junit5.app.models.CuentaTest$SystemPropertiesTest" time="0.002"/>
  <testcase name="testNo64Bits" classname="org.magadiflo.junit5.app.models.CuentaTest$SystemPropertiesTest" time="0">
    <skipped message="System property [os.arch] with value [amd64] does not match regular expression [.*32.*]"/>
  </testcase>
  <testcase name="testJavaVersion" classname="org.magadiflo.junit5.app.models.CuentaTest$SystemPropertiesTest" time="0.002"/>
  <testcase name="testImprimirSystemProperties" classname="org.magadiflo.junit5.app.models.CuentaTest$SystemPropertiesTest" time="0.034"/>
  <testcase name="testUsernameOS" classname="org.magadiflo.junit5.app.models.CuentaTest$SystemPropertiesTest" time="0.001"/>
  <testcase name="testSoloJDK17" classname="org.magadiflo.junit5.app.models.CuentaTest$JavaVersionTest" time="0.001"/>
  <testcase name="testSoloEnJDK8" classname="org.magadiflo.junit5.app.models.CuentaTest$JavaVersionTest" time="0">
    <skipped message="Disabled on JRE version: 17.0.4.1"/>
  </testcase>
  <testcase name="testNoJDK17" classname="org.magadiflo.junit5.app.models.CuentaTest$JavaVersionTest" time="0">
    <skipped message="Disabled on JRE version: 17.0.4.1"/>
  </testcase>
  <testcase name="testNoWindows" classname="org.magadiflo.junit5.app.models.CuentaTest$SistemaOperativoTest" time="0">
    <skipped message="Disabled on operating system: Windows 11"/>
  </testcase>
  <testcase name="testSoloLinuxMac" classname="org.magadiflo.junit5.app.models.CuentaTest$SistemaOperativoTest" time="0">
    <skipped message="Disabled on operating system: Windows 11"/>
  </testcase>
  <testcase name="testSoloWindows" classname="org.magadiflo.junit5.app.models.CuentaTest$SistemaOperativoTest" time="0.001"/>
  <testcase name="testCreditoCuenta" classname="org.magadiflo.junit5.app.models.CuentaTest$CuentaOperaciones" time="0.002"/>
  <testcase name="testDebitoCuenta" classname="org.magadiflo.junit5.app.models.CuentaTest$CuentaOperaciones" time="0.001"/>
  <testcase name="testTransferirDineroCuentas" classname="org.magadiflo.junit5.app.models.CuentaTest$CuentaOperaciones" time="0.001"/>
  <testcase name="testSaldoCuenta" classname="org.magadiflo.junit5.app.models.CuentaTest$CuentaTestNombreSaldo" time="0.001"/>
  <testcase name="testReferenciaCuenta" classname="org.magadiflo.junit5.app.models.CuentaTest$CuentaTestNombreSaldo" time="0.001"/>
  <testcase name="testNombreCuenta" classname="org.magadiflo.junit5.app.models.CuentaTest$CuentaTestNombreSaldo" time="0.001"/>
</testsuite>