<?xml version="1.0" encoding="UTF-8"?>
<testsuite xmlns:xsi="http://www.w3.org/2001/XMLSchema-instance" xsi:noNamespaceSchemaLocation="https://maven.apache.org/surefire/maven-surefire-plugin/xsd/surefire-test-report.xsd" name="org.magadiflo.junit5.app.models.CuentaTest" time="8.611" tests="66" errors="0" skipped="7" failures="6">
  <properties>
    <property name="java.specification.version" value="17"/>
    <property name="sun.cpu.isalist" value="amd64"/>
    <property name="sun.jnu.encoding" value="Cp1252"/>
    <property name="java.class.path" value="M:\PROGRAMACION\DESARROLLO_JAVA_SPRING\INTELLIJ_IDEA\16.udemy_andres_guzman\02.junit_y_mockito_2022\junit5-app\target\test-classes;M:\PROGRAMACION\DESARROLLO_JAVA_SPRING\INTELLIJ_IDEA\16.udemy_andres_guzman\02.junit_y_mockito_2022\junit5-app\target\classes;C:\Users\USUARIO\.m2\repository\org\junit\jupiter\junit-jupiter\5.9.0\junit-jupiter-5.9.0.jar;C:\Users\USUARIO\.m2\repository\org\junit\jupiter\junit-jupiter-api\5.9.0\junit-jupiter-api-5.9.0.jar;C:\Users\USUARIO\.m2\repository\org\opentest4j\opentest4j\1.2.0\opentest4j-1.2.0.jar;C:\Users\USUARIO\.m2\repository\org\junit\platform\junit-platform-commons\1.9.0\junit-platform-commons-1.9.0.jar;C:\Users\USUARIO\.m2\repository\org\apiguardian\apiguardian-api\1.1.2\apiguardian-api-1.1.2.jar;C:\Users\USUARIO\.m2\repository\org\junit\jupiter\junit-jupiter-params\5.9.0\junit-jupiter-params-5.9.0.jar;C:\Users\USUARIO\.m2\repository\org\junit\jupiter\junit-jupiter-engine\5.9.0\junit-jupiter-engine-5.9.0.jar;C:\Users\USUARIO\.m2\repository\org\junit\platform\junit-platform-engine\1.9.0\junit-platform-engine-1.9.0.jar;"/>
    <property name="java.vm.vendor" value="Oracle Corporation"/>
    <property name="sun.arch.data.model" value="64"/>
    <property name="user.variant" value=""/>
    <property name="java.vendor.url" value="https://java.oracle.com/"/>
    <property name="user.timezone" value="America/Lima"/>
    <property name="os.name" value="Windows 11"/>
    <property name="java.vm.specification.version" value="17"/>
    <property name="sun.java.launcher" value="SUN_STANDARD"/>
    <property name="user.country" value="PE"/>
    <property name="sun.boot.library.path" value="C:\Program Files\Java\jdk-17.0.4.1\bin"/>
    <property name="sun.java.command" value="C:\Users\USUARIO\AppData\Local\Temp\surefire15018339136198488704\surefirebooter261035535814045069.jar C:\Users\USUARIO\AppData\Local\Temp\surefire15018339136198488704 2022-10-19T18-45-41_714-jvmRun1 surefire15220436844442900079tmp surefire_016315365731604934191tmp"/>
    <property name="jdk.debug" value="release"/>
    <property name="surefire.test.class.path" value="M:\PROGRAMACION\DESARROLLO_JAVA_SPRING\INTELLIJ_IDEA\16.udemy_andres_guzman\02.junit_y_mockito_2022\junit5-app\target\test-classes;M:\PROGRAMACION\DESARROLLO_JAVA_SPRING\INTELLIJ_IDEA\16.udemy_andres_guzman\02.junit_y_mockito_2022\junit5-app\target\classes;C:\Users\USUARIO\.m2\repository\org\junit\jupiter\junit-jupiter\5.9.0\junit-jupiter-5.9.0.jar;C:\Users\USUARIO\.m2\repository\org\junit\jupiter\junit-jupiter-api\5.9.0\junit-jupiter-api-5.9.0.jar;C:\Users\USUARIO\.m2\repository\org\opentest4j\opentest4j\1.2.0\opentest4j-1.2.0.jar;C:\Users\USUARIO\.m2\repository\org\junit\platform\junit-platform-commons\1.9.0\junit-platform-commons-1.9.0.jar;C:\Users\USUARIO\.m2\repository\org\apiguardian\apiguardian-api\1.1.2\apiguardian-api-1.1.2.jar;C:\Users\USUARIO\.m2\repository\org\junit\jupiter\junit-jupiter-params\5.9.0\junit-jupiter-params-5.9.0.jar;C:\Users\USUARIO\.m2\repository\org\junit\jupiter\junit-jupiter-engine\5.9.0\junit-jupiter-engine-5.9.0.jar;C:\Users\USUARIO\.m2\repository\org\junit\platform\junit-platform-engine\1.9.0\junit-platform-engine-1.9.0.jar;"/>
    <property name="sun.cpu.endian" value="little"/>
    <property name="user.home" value="C:\Users\USUARIO"/>
    <property name="user.language" value="es"/>
    <property name="java.specification.vendor" value="Oracle Corporation"/>
    <property name="java.version.date" value="2022-08-18"/>
    <property name="java.home" value="C:\Program Files\Java\jdk-17.0.4.1"/>
    <property name="file.separator" value="\"/>
    <property name="basedir" value="M:\PROGRAMACION\DESARROLLO_JAVA_SPRING\INTELLIJ_IDEA\16.udemy_andres_guzman\02.junit_y_mockito_2022\junit5-app"/>
    <property name="java.vm.compressedOopsMode" value="Zero based"/>
    <property name="line.separator" value="&#10;"/>
    <property name="java.vm.specification.vendor" value="Oracle Corporation"/>
    <property name="java.specification.name" value="Java Platform API Specification"/>
    <property name="surefire.real.class.path" value="C:\Users\USUARIO\AppData\Local\Temp\surefire15018339136198488704\surefirebooter261035535814045069.jar"/>
    <property name="user.script" value=""/>
    <property name="sun.management.compiler" value="HotSpot 64-Bit Tiered Compilers"/>
    <property name="java.runtime.version" value="17.0.4.1+1-LTS-2"/>
    <property name="user.name" value="USUARIO"/>
    <property name="path.separator" value=";"/>
    <property name="os.version" value="10.0"/>
    <property name="java.runtime.name" value="Java(TM) SE Runtime Environment"/>
    <property name="file.encoding" value="Cp1252"/>
    <property name="java.vm.name" value="Java HotSpot(TM) 64-Bit Server VM"/>
    <property name="localRepository" value="C:\Users\USUARIO\.m2\repository"/>
    <property name="java.vendor.url.bug" value="https://bugreport.java.com/bugreport/"/>
    <property name="java.io.tmpdir" value="C:\Users\USUARIO\AppData\Local\Temp\"/>
    <property name="java.version" value="17.0.4.1"/>
    <property name="user.dir" value="M:\PROGRAMACION\DESARROLLO_JAVA_SPRING\INTELLIJ_IDEA\16.udemy_andres_guzman\02.junit_y_mockito_2022\junit5-app"/>
    <property name="os.arch" value="amd64"/>
    <property name="java.vm.specification.name" value="Java Virtual Machine Specification"/>
    <property name="sun.os.patch.level" value=""/>
    <property name="native.encoding" value="Cp1252"/>
    <property name="java.library.path" value="C:\Program Files\Java\jdk-17.0.4.1\bin;C:\WINDOWS\Sun\Java\bin;C:\WINDOWS\system32;C:\WINDOWS;C:\cmder\vendor\conemu-maximus5\ConEmu\Scripts;C:\cmder\vendor\conemu-maximus5;C:\cmder\vendor\conemu-maximus5\ConEmu;C:\oracle21c\dbhomeXE\bin;C:\WINDOWS\system32;C:\WINDOWS;C:\WINDOWS\System32\Wbem;C:\WINDOWS\System32\WindowsPowerShell\v1.0\;C:\WINDOWS\System32\OpenSSH\;C:\oraclexe\app\oracle\product\11.2.0\server\bin;C:\laragon\bin\nodejs\node-v14\;C:\Program Files (x86)\Microsoft SQL Server\140\Tools\Binn\;C:\Program Files\Microsoft SQL Server\140\Tools\Binn\;C:\Program Files (x86)\Microsoft SQL Server\140\DTS\Binn\;C:\Program Files\Microsoft SQL Server\140\DTS\Binn\;C:\Program Files\Microsoft SQL Server\Client SDK\ODBC\130\Tools\Binn\;C:\Program Files (x86)\Microsoft SQL Server\150\DTS\Binn\;C:\Program Files\Microsoft VS Code\bin;C:\Program Files\MongoDB\Server\6.0\bin;C:\Program Files\OpenSSL-Win64\bin;C:\cmder;C:\Program Files\Java\jdk-17.0.4.1\bin;C:\apache-maven-3.8.6\bin;C:\jq;C:\Program Files\RabbitMQ Server\rabbitmq_server-3.11.0\sbin;C:\Program Files\Docker\Docker\resources\bin;C:\ProgramData\DockerDesktop\version-bin;C:\Program Files\Git\cmd;C:\Users\USUARIO\AppData\Local\Microsoft\WindowsApps;C:\Users\USUARIO\AppData\Local\Programs\Microsoft VS Code\bin;C:\Program Files\JetBrains\IntelliJ IDEA Community Edition 2022.2\bin;C:\Program Files\heroku\bin;C:\Users\USUARIO\AppData\Local\GitHubDesktop\bin;C:\Users\USUARIO\AppData\Local\Programs\mongosh\;C:\Program Files\Git\mingw64\bin;C:\Program Files\Git\usr\bin;C:\cmder\vendor\bin;."/>
    <property name="java.vm.info" value="mixed mode, sharing"/>
    <property name="java.vendor" value="Oracle Corporation"/>
    <property name="java.vm.version" value="17.0.4.1+1-LTS-2"/>
    <property name="sun.io.unicode.encoding" value="UnicodeLittle"/>
    <property name="java.class.version" value="61.0"/>
  </properties>
  <testcase name="testDineroInsuficienteExceptionCuenta" classname="org.magadiflo.junit5.app.models.CuentaTest" time="0.04"/>
  <testcase name="testSaldoCuentaDev" classname="org.magadiflo.junit5.app.models.CuentaTest" time="0">
    <skipped message="Assumption failed: assumption is not true" type="org.opentest4j.TestAbortedException">org.opentest4j.TestAbortedException: Assumption failed: assumption is not true
	at org.magadiflo.junit5.app.models.CuentaTest.testSaldoCuentaDev(CuentaTest.java:329)
</skipped>
    <system-out><![CDATA[Iniciando el método!
Ejecutando: testSaldoCuentaDev() testSaldoCuentaDev con las etiquetas [] 
Finalizando método de prueba
]]></system-out>
  </testcase>
  <testcase name="testSaldoCuentaDev2" classname="org.magadiflo.junit5.app.models.CuentaTest" time="0.003"/>
  <testcase name="testRelacionBancoCuentas" classname="org.magadiflo.junit5.app.models.CuentaTest" time="0.005"/>
  <testcase name="testDebitoCuentaRepetir{RepetitionInfo}[1]" classname="org.magadiflo.junit5.app.models.CuentaTest" time="0.002"/>
  <testcase name="testDebitoCuentaRepetir{RepetitionInfo}[2]" classname="org.magadiflo.junit5.app.models.CuentaTest" time="0.003"/>
  <testcase name="testDebitoCuentaRepetir{RepetitionInfo}[3]" classname="org.magadiflo.junit5.app.models.CuentaTest" time="0.005"/>
  <testcase name="testDebitoCuentaRepetir{RepetitionInfo}[4]" classname="org.magadiflo.junit5.app.models.CuentaTest" time="0.002"/>
  <testcase name="testDebitoCuentaRepetir{RepetitionInfo}[5]" classname="org.magadiflo.junit5.app.models.CuentaTest" time="0.001"/>
  <testcase name="pruebaTimeOut2" classname="org.magadiflo.junit5.app.models.CuentaTest$EjemploTimeOutTest" time="0.315"/>
  <testcase name="testTimeoutAssertions" classname="org.magadiflo.junit5.app.models.CuentaTest$EjemploTimeOutTest" time="4.003"/>
  <testcase name="pruebaTimeOut" classname="org.magadiflo.junit5.app.models.CuentaTest$EjemploTimeOutTest" time="4.004"/>
  <testcase name="testDebitoCuentaParametrizadoCsvFileSource2{String, String, String, String}[1]" classname="org.magadiflo.junit5.app.models.CuentaTest$PruebasParametrizadasTest" time="0.015">
    <failure message="expected: &lt;Alicia&gt; but was: &lt;Alicha&gt;" type="org.opentest4j.AssertionFailedError"><![CDATA[org.opentest4j.AssertionFailedError: expected: <Alicia> but was: <Alicha>
	at org.magadiflo.junit5.app.models.CuentaTest$PruebasParametrizadasTest.testDebitoCuentaParametrizadoCsvFileSource2(CuentaTest.java:434)
]]></failure>
    <system-out><![CDATA[Iniciando el método!
Ejecutando: número 1 ejecutando con valor 200, 100, Alicia, Alicha testDebitoCuentaParametrizadoCsvFileSource2 con las etiquetas [param] 
Finalizando método de prueba
]]></system-out>
  </testcase>
  <testcase name="testDebitoCuentaParametrizadoCsvFileSource2{String, String, String, String}[2]" classname="org.magadiflo.junit5.app.models.CuentaTest$PruebasParametrizadasTest" time="0.002"/>
  <testcase name="testDebitoCuentaParametrizadoCsvFileSource2{String, String, String, String}[3]" classname="org.magadiflo.junit5.app.models.CuentaTest$PruebasParametrizadasTest" time="0.001"/>
  <testcase name="testDebitoCuentaParametrizadoCsvFileSource2{String, String, String, String}[4]" classname="org.magadiflo.junit5.app.models.CuentaTest$PruebasParametrizadasTest" time="0.002">
    <failure message="expected: &lt;Carlos&gt; but was: &lt;Karlos&gt;" type="org.opentest4j.AssertionFailedError"><![CDATA[org.opentest4j.AssertionFailedError: expected: <Carlos> but was: <Karlos>
	at org.magadiflo.junit5.app.models.CuentaTest$PruebasParametrizadasTest.testDebitoCuentaParametrizadoCsvFileSource2(CuentaTest.java:434)
]]></failure>
    <system-out><![CDATA[Iniciando el método!
Ejecutando: número 4 ejecutando con valor 400, 399, Carlos, Karlos testDebitoCuentaParametrizadoCsvFileSource2 con las etiquetas [param] 
Finalizando método de prueba
]]></system-out>
  </testcase>
  <testcase name="testDebitoCuentaParametrizadoCsvFileSource2{String, String, String, String}[5]" classname="org.magadiflo.junit5.app.models.CuentaTest$PruebasParametrizadasTest" time="0.002">
    <failure message="expected: &lt;Luca&gt; but was: &lt;Lucas&gt;" type="org.opentest4j.AssertionFailedError"><![CDATA[org.opentest4j.AssertionFailedError: expected: <Luca> but was: <Lucas>
	at org.magadiflo.junit5.app.models.CuentaTest$PruebasParametrizadasTest.testDebitoCuentaParametrizadoCsvFileSource2(CuentaTest.java:434)
]]></failure>
    <system-out><![CDATA[Iniciando el método!
Ejecutando: número 5 ejecutando con valor 750, 700, Luca, Lucas testDebitoCuentaParametrizadoCsvFileSource2 con las etiquetas [param] 
Finalizando método de prueba
]]></system-out>
  </testcase>
  <testcase name="testDebitoCuentaParametrizadoCsvFileSource2{String, String, String, String}[6]" classname="org.magadiflo.junit5.app.models.CuentaTest$PruebasParametrizadasTest" time="0.002"/>
  <testcase name="testDebitoCuentaParametrizadoCsvSource{String, String}[1]" classname="org.magadiflo.junit5.app.models.CuentaTest$PruebasParametrizadasTest" time="0.003"/>
  <testcase name="testDebitoCuentaParametrizadoCsvSource{String, String}[2]" classname="org.magadiflo.junit5.app.models.CuentaTest$PruebasParametrizadasTest" time="0.002"/>
  <testcase name="testDebitoCuentaParametrizadoCsvSource{String, String}[3]" classname="org.magadiflo.junit5.app.models.CuentaTest$PruebasParametrizadasTest" time="0.002"/>
  <testcase name="testDebitoCuentaParametrizadoCsvSource{String, String}[4]" classname="org.magadiflo.junit5.app.models.CuentaTest$PruebasParametrizadasTest" time="0.003"/>
  <testcase name="testDebitoCuentaParametrizadoCsvSource{String, String}[5]" classname="org.magadiflo.junit5.app.models.CuentaTest$PruebasParametrizadasTest" time="0.003"/>
  <testcase name="testDebitoCuentaParametrizadoCsvSource{String, String}[6]" classname="org.magadiflo.junit5.app.models.CuentaTest$PruebasParametrizadasTest" time="0.002"/>
  <testcase name="testDebitoCuentaParametrizadoValueSource{String}[1]" classname="org.magadiflo.junit5.app.models.CuentaTest$PruebasParametrizadasTest" time="0.002"/>
  <testcase name="testDebitoCuentaParametrizadoValueSource{String}[2]" classname="org.magadiflo.junit5.app.models.CuentaTest$PruebasParametrizadasTest" time="0.002"/>
  <testcase name="testDebitoCuentaParametrizadoValueSource{String}[3]" classname="org.magadiflo.junit5.app.models.CuentaTest$PruebasParametrizadasTest" time="0.002"/>
  <testcase name="testDebitoCuentaParametrizadoValueSource{String}[4]" classname="org.magadiflo.junit5.app.models.CuentaTest$PruebasParametrizadasTest" time="0.002"/>
  <testcase name="testDebitoCuentaParametrizadoValueSource{String}[5]" classname="org.magadiflo.junit5.app.models.CuentaTest$PruebasParametrizadasTest" time="0.002"/>
  <testcase name="testDebitoCuentaParametrizadoValueSource{String}[6]" classname="org.magadiflo.junit5.app.models.CuentaTest$PruebasParametrizadasTest" time="0.002"/>
  <testcase name="testDebitoCuentaParametrizadoCsvSource2{String, String, String, String}[1]" classname="org.magadiflo.junit5.app.models.CuentaTest$PruebasParametrizadasTest" time="0.002">
    <failure message="expected: &lt;Alicia&gt; but was: &lt;Alicha&gt;" type="org.opentest4j.AssertionFailedError"><![CDATA[org.opentest4j.AssertionFailedError: expected: <Alicia> but was: <Alicha>
	at org.magadiflo.junit5.app.models.CuentaTest$PruebasParametrizadasTest.testDebitoCuentaParametrizadoCsvSource2(CuentaTest.java:411)
]]></failure>
    <system-out><![CDATA[Iniciando el método!
Ejecutando: número 1 ejecutando con valor 200, 100, Alicia, Alicha testDebitoCuentaParametrizadoCsvSource2 con las etiquetas [param] 
200 -> 100 
Finalizando método de prueba
]]></system-out>
  </testcase>
  <testcase name="testDebitoCuentaParametrizadoCsvSource2{String, String, String, String}[2]" classname="org.magadiflo.junit5.app.models.CuentaTest$PruebasParametrizadasTest" time="0.003"/>
  <testcase name="testDebitoCuentaParametrizadoCsvSource2{String, String, String, String}[3]" classname="org.magadiflo.junit5.app.models.CuentaTest$PruebasParametrizadasTest" time="0.002"/>
  <testcase name="testDebitoCuentaParametrizadoCsvSource2{String, String, String, String}[4]" classname="org.magadiflo.junit5.app.models.CuentaTest$PruebasParametrizadasTest" time="0.003">
    <failure message="expected: &lt;Carlos&gt; but was: &lt;Karlos&gt;" type="org.opentest4j.AssertionFailedError"><![CDATA[org.opentest4j.AssertionFailedError: expected: <Carlos> but was: <Karlos>
	at org.magadiflo.junit5.app.models.CuentaTest$PruebasParametrizadasTest.testDebitoCuentaParametrizadoCsvSource2(CuentaTest.java:411)
]]></failure>
    <system-out><![CDATA[Iniciando el método!
Ejecutando: número 4 ejecutando con valor 400, 399, Carlos, Karlos testDebitoCuentaParametrizadoCsvSource2 con las etiquetas [param] 
400 -> 399 
Finalizando método de prueba
]]></system-out>
  </testcase>
  <testcase name="testDebitoCuentaParametrizadoCsvSource2{String, String, String, String}[5]" classname="org.magadiflo.junit5.app.models.CuentaTest$PruebasParametrizadasTest" time="0.003">
    <failure message="expected: &lt;Luca&gt; but was: &lt;Lucas&gt;" type="org.opentest4j.AssertionFailedError"><![CDATA[org.opentest4j.AssertionFailedError: expected: <Luca> but was: <Lucas>
	at org.magadiflo.junit5.app.models.CuentaTest$PruebasParametrizadasTest.testDebitoCuentaParametrizadoCsvSource2(CuentaTest.java:411)
]]></failure>
    <system-out><![CDATA[Iniciando el método!
Ejecutando: número 5 ejecutando con valor 750, 700, Luca, Lucas testDebitoCuentaParametrizadoCsvSource2 con las etiquetas [param] 
750 -> 700 
Finalizando método de prueba
]]></system-out>
  </testcase>
  <testcase name="testDebitoCuentaParametrizadoCsvSource2{String, String, String, String}[6]" classname="org.magadiflo.junit5.app.models.CuentaTest$PruebasParametrizadasTest" time="0.002"/>
  <testcase name="testDebitoCuentaMethodSource{String}[1]" classname="org.magadiflo.junit5.app.models.CuentaTest$PruebasParametrizadasTest" time="0.001"/>
  <testcase name="testDebitoCuentaMethodSource{String}[2]" classname="org.magadiflo.junit5.app.models.CuentaTest$PruebasParametrizadasTest" time="0.002"/>
  <testcase name="testDebitoCuentaMethodSource{String}[3]" classname="org.magadiflo.junit5.app.models.CuentaTest$PruebasParametrizadasTest" time="0.002"/>
  <testcase name="testDebitoCuentaMethodSource{String}[4]" classname="org.magadiflo.junit5.app.models.CuentaTest$PruebasParametrizadasTest" time="0.002"/>
  <testcase name="testDebitoCuentaMethodSource{String}[5]" classname="org.magadiflo.junit5.app.models.CuentaTest$PruebasParametrizadasTest" time="0.002"/>
  <testcase name="testDebitoCuentaMethodSource{String}[6]" classname="org.magadiflo.junit5.app.models.CuentaTest$PruebasParametrizadasTest" time="0.002"/>
  <testcase name="testDebitoCuentaParametrizadoCsvFileSource{String}[1]" classname="org.magadiflo.junit5.app.models.CuentaTest$PruebasParametrizadasTest" time="0.001"/>
  <testcase name="testDebitoCuentaParametrizadoCsvFileSource{String}[2]" classname="org.magadiflo.junit5.app.models.CuentaTest$PruebasParametrizadasTest" time="0.002"/>
  <testcase name="testDebitoCuentaParametrizadoCsvFileSource{String}[3]" classname="org.magadiflo.junit5.app.models.CuentaTest$PruebasParametrizadasTest" time="0.001"/>
  <testcase name="testDebitoCuentaParametrizadoCsvFileSource{String}[4]" classname="org.magadiflo.junit5.app.models.CuentaTest$PruebasParametrizadasTest" time="0.002"/>
  <testcase name="testDebitoCuentaParametrizadoCsvFileSource{String}[5]" classname="org.magadiflo.junit5.app.models.CuentaTest$PruebasParametrizadasTest" time="0.001"/>
  <testcase name="testDebitoCuentaParametrizadoCsvFileSource{String}[6]" classname="org.magadiflo.junit5.app.models.CuentaTest$PruebasParametrizadasTest" time="0.001"/>
  <testcase name="testDev" classname="org.magadiflo.junit5.app.models.CuentaTest$SystemPropertiesTest" time="0">
    <skipped message="System property [ENV] does not exist"/>
  </testcase>
  <testcase name="testSolo64Bits" classname="org.magadiflo.junit5.app.models.CuentaTest$SystemPropertiesTest" time="0.002"/>
  <testcase name="testNo64Bits" classname="org.magadiflo.junit5.app.models.CuentaTest$SystemPropertiesTest" time="0">
    <skipped message="System property [os.arch] with value [amd64] does not match regular expression [.*32.*]"/>
  </testcase>
  <testcase name="testJavaVersion" classname="org.magadiflo.junit5.app.models.CuentaTest$SystemPropertiesTest" time="0.002"/>
  <testcase name="testImprimirSystemProperties" classname="org.magadiflo.junit5.app.models.CuentaTest$SystemPropertiesTest" time="0.034"/>
  <testcase name="testUsernameOS" classname="org.magadiflo.junit5.app.models.CuentaTest$SystemPropertiesTest" time="0.001"/>
  <testcase name="testSoloJDK17" classname="org.magadiflo.junit5.app.models.CuentaTest$JavaVersionTest" time="0.001"/>
  <testcase name="testSoloEnJDK8" classname="org.magadiflo.junit5.app.models.CuentaTest$JavaVersionTest" time="0">
    <skipped message="Disabled on JRE version: 17.0.4.1"/>
  </testcase>
  <testcase name="testNoJDK17" classname="org.magadiflo.junit5.app.models.CuentaTest$JavaVersionTest" time="0">
    <skipped message="Disabled on JRE version: 17.0.4.1"/>
  </testcase>
  <testcase name="testNoWindows" classname="org.magadiflo.junit5.app.models.CuentaTest$SistemaOperativoTest" time="0">
    <skipped message="Disabled on operating system: Windows 11"/>
  </testcase>
  <testcase name="testSoloLinuxMac" classname="org.magadiflo.junit5.app.models.CuentaTest$SistemaOperativoTest" time="0">
    <skipped message="Disabled on operating system: Windows 11"/>
  </testcase>
  <testcase name="testSoloWindows" classname="org.magadiflo.junit5.app.models.CuentaTest$SistemaOperativoTest" time="0.001"/>
  <testcase name="testCreditoCuenta" classname="org.magadiflo.junit5.app.models.CuentaTest$CuentaOperaciones" time="0.002"/>
  <testcase name="testDebitoCuenta" classname="org.magadiflo.junit5.app.models.CuentaTest$CuentaOperaciones" time="0.001"/>
  <testcase name="testTransferirDineroCuentas" classname="org.magadiflo.junit5.app.models.CuentaTest$CuentaOperaciones" time="0.001"/>
  <testcase name="testSaldoCuenta" classname="org.magadiflo.junit5.app.models.CuentaTest$CuentaTestNombreSaldo" time="0.001"/>
  <testcase name="testReferenciaCuenta" classname="org.magadiflo.junit5.app.models.CuentaTest$CuentaTestNombreSaldo" time="0.001"/>
  <testcase name="testNombreCuenta" classname="org.magadiflo.junit5.app.models.CuentaTest$CuentaTestNombreSaldo" time="0.001"/>
</testsuite>